{"D:\\Assembler2022\\02.Master\\Projects\\07.Testing\\jest-intro-workshop\\src\\utils\\numbers.js": {"path":"D:\\Assembler2022\\02.Master\\Projects\\07.Testing\\jest-intro-workshop\\src\\utils\\numbers.js","statementMap":{"0":{"start":{"line":2,"column":2},"end":{"line":2,"column":15}}},"fnMap":{"0":{"name":"add","decl":{"start":{"line":1,"column":16},"end":{"line":1,"column":19}},"loc":{"start":{"line":1,"column":26},"end":{"line":3,"column":1}},"line":1}},"branchMap":{},"s":{"0":1},"f":{"0":1},"b":{},"_coverageSchema":"1a1c01bbd47fc00a2c39e90264f33305004495a9","hash":"ae3eaad784f7af8e23fcdde88b92d953daf58b05"}
}
